[01mRunning Sphinx v4.4.0[39;49;00m
Initializing Spelling Checker 7.3.2
[01mloading pickled environment... [39;49;00mdone
Ignoring wiki words
Ignoring acronyms
Ignoring Python builtins
Ignoring importable module names
Adding contents of /opt/airflow/docs/spelling_wordlist.txt to custom word list
Looking for custom word list in /tmp/tmppve6wrtr/spelling_wordlist.txt
loading intersphinx inventory from /opt/airflow/docs/_inventory_cache/boto3/objects.inv...
loading intersphinx inventory from /opt/airflow/docs/_inventory_cache/celery/objects.inv...
loading intersphinx inventory from /opt/airflow/docs/_inventory_cache/docker/objects.inv...
loading intersphinx inventory from /opt/airflow/docs/_inventory_cache/hdfs/objects.inv...
loading intersphinx inventory from /opt/airflow/docs/_inventory_cache/jinja2/objects.inv...
loading intersphinx inventory from /opt/airflow/docs/_inventory_cache/mongodb/objects.inv...
loading intersphinx inventory from /opt/airflow/docs/_inventory_cache/pandas/objects.inv...
loading intersphinx inventory from /opt/airflow/docs/_inventory_cache/python/objects.inv...
loading intersphinx inventory from /opt/airflow/docs/_inventory_cache/requests/objects.inv...
loading intersphinx inventory from /opt/airflow/docs/_inventory_cache/sqlalchemy/objects.inv...
loading intersphinx inventory from /opt/airflow/docs/_inventory_cache/apache-airflow-providers-airbyte/objects.inv...
loading intersphinx inventory from /opt/airflow/docs/_inventory_cache/apache-airflow-providers-alibaba/objects.inv...
loading intersphinx inventory from /opt/airflow/docs/_inventory_cache/apache-airflow-providers-amazon/objects.inv...
loading intersphinx inventory from /opt/airflow/docs/_inventory_cache/apache-airflow-providers-apache-beam/objects.inv...
loading intersphinx inventory from /opt/airflow/docs/_inventory_cache/apache-airflow-providers-apache-cassandra/objects.inv...
loading intersphinx inventory from /opt/airflow/docs/_inventory_cache/apache-airflow-providers-apache-drill/objects.inv...
loading intersphinx inventory from /opt/airflow/docs/_inventory_cache/apache-airflow-providers-apache-druid/objects.inv...
loading intersphinx inventory from /opt/airflow/docs/_inventory_cache/apache-airflow-providers-apache-hdfs/objects.inv...
loading intersphinx inventory from /opt/airflow/docs/_inventory_cache/apache-airflow-providers-apache-hive/objects.inv...
loading intersphinx inventory from /opt/airflow/docs/_inventory_cache/apache-airflow-providers-apache-kylin/objects.inv...
loading intersphinx inventory from /opt/airflow/docs/_inventory_cache/apache-airflow-providers-apache-livy/objects.inv...
loading intersphinx inventory from /opt/airflow/docs/_inventory_cache/apache-airflow-providers-apache-pig/objects.inv...
loading intersphinx inventory from /opt/airflow/docs/_inventory_cache/apache-airflow-providers-apache-pinot/objects.inv...
loading intersphinx inventory from /opt/airflow/docs/_inventory_cache/apache-airflow-providers-apache-spark/objects.inv...
loading intersphinx inventory from /opt/airflow/docs/_inventory_cache/apache-airflow-providers-apache-sqoop/objects.inv...
loading intersphinx inventory from /opt/airflow/docs/_inventory_cache/apache-airflow-providers-asana/objects.inv...
loading intersphinx inventory from /opt/airflow/docs/_inventory_cache/apache-airflow-providers-celery/objects.inv...
loading intersphinx inventory from /opt/airflow/docs/_inventory_cache/apache-airflow-providers-cloudant/objects.inv...
loading intersphinx inventory from /opt/airflow/docs/_inventory_cache/apache-airflow-providers-cncf-kubernetes/objects.inv...
loading intersphinx inventory from /opt/airflow/docs/_inventory_cache/apache-airflow-providers-databricks/objects.inv...
loading intersphinx inventory from /opt/airflow/docs/_inventory_cache/apache-airflow-providers-datadog/objects.inv...
loading intersphinx inventory from /opt/airflow/docs/_inventory_cache/apache-airflow-providers-dbt-cloud/objects.inv...
loading intersphinx inventory from /opt/airflow/docs/_inventory_cache/apache-airflow-providers-dingding/objects.inv...
loading intersphinx inventory from /opt/airflow/docs/_inventory_cache/apache-airflow-providers-discord/objects.inv...
loading intersphinx inventory from /opt/airflow/docs/_inventory_cache/apache-airflow-providers-docker/objects.inv...
loading intersphinx inventory from /opt/airflow/docs/_inventory_cache/apache-airflow-providers-elasticsearch/objects.inv...
loading intersphinx inventory from /opt/airflow/docs/_inventory_cache/apache-airflow-providers-exasol/objects.inv...
loading intersphinx inventory from /opt/airflow/docs/_inventory_cache/apache-airflow-providers-facebook/objects.inv...
loading intersphinx inventory from /opt/airflow/docs/_inventory_cache/apache-airflow-providers-ftp/objects.inv...
loading intersphinx inventory from /opt/airflow/docs/_inventory_cache/apache-airflow-providers-github/objects.inv...
loading intersphinx inventory from /opt/airflow/docs/_inventory_cache/apache-airflow-providers-google/objects.inv...
loading intersphinx inventory from /opt/airflow/docs/_inventory_cache/apache-airflow-providers-grpc/objects.inv...
loading intersphinx inventory from /opt/airflow/docs/_inventory_cache/apache-airflow-providers-hashicorp/objects.inv...
loading intersphinx inventory from /opt/airflow/docs/_inventory_cache/apache-airflow-providers-http/objects.inv...
loading intersphinx inventory from /opt/airflow/docs/_inventory_cache/apache-airflow-providers-imap/objects.inv...
loading intersphinx inventory from /opt/airflow/docs/_inventory_cache/apache-airflow-providers-influxdb/objects.inv...
loading intersphinx inventory from /opt/airflow/docs/_inventory_cache/apache-airflow-providers-jdbc/objects.inv...
loading intersphinx inventory from /opt/airflow/docs/_inventory_cache/apache-airflow-providers-jenkins/objects.inv...
loading intersphinx inventory from /opt/airflow/docs/_inventory_cache/apache-airflow-providers-jira/objects.inv...
loading intersphinx inventory from /opt/airflow/docs/_inventory_cache/apache-airflow-providers-microsoft-azure/objects.inv...
loading intersphinx inventory from /opt/airflow/docs/_inventory_cache/apache-airflow-providers-microsoft-mssql/objects.inv...
loading intersphinx inventory from /opt/airflow/docs/_inventory_cache/apache-airflow-providers-microsoft-psrp/objects.inv...
loading intersphinx inventory from /opt/airflow/docs/_inventory_cache/apache-airflow-providers-microsoft-winrm/objects.inv...
loading intersphinx inventory from /opt/airflow/docs/_inventory_cache/apache-airflow-providers-mongo/objects.inv...
loading intersphinx inventory from /opt/airflow/docs/_inventory_cache/apache-airflow-providers-mysql/objects.inv...
loading intersphinx inventory from /opt/airflow/docs/_inventory_cache/apache-airflow-providers-neo4j/objects.inv...
loading intersphinx inventory from /opt/airflow/docs/_inventory_cache/apache-airflow-providers-odbc/objects.inv...
loading intersphinx inventory from /opt/airflow/docs/_inventory_cache/apache-airflow-providers-openfaas/objects.inv...
loading intersphinx inventory from /opt/airflow/docs/_inventory_cache/apache-airflow-providers-opsgenie/objects.inv...
loading intersphinx inventory from /opt/airflow/docs/_inventory_cache/apache-airflow-providers-oracle/objects.inv...
loading intersphinx inventory from /opt/airflow/docs/_inventory_cache/apache-airflow-providers-pagerduty/objects.inv...
loading intersphinx inventory from /opt/airflow/docs/_inventory_cache/apache-airflow-providers-papermill/objects.inv...
loading intersphinx inventory from /opt/airflow/docs/_inventory_cache/apache-airflow-providers-plexus/objects.inv...
loading intersphinx inventory from /opt/airflow/docs/_inventory_cache/apache-airflow-providers-postgres/objects.inv...
loading intersphinx inventory from /opt/airflow/docs/_inventory_cache/apache-airflow-providers-presto/objects.inv...
loading intersphinx inventory from /opt/airflow/docs/_inventory_cache/apache-airflow-providers-qubole/objects.inv...
loading intersphinx inventory from /opt/airflow/docs/_inventory_cache/apache-airflow-providers-redis/objects.inv...
loading intersphinx inventory from /opt/airflow/docs/_inventory_cache/apache-airflow-providers-salesforce/objects.inv...
loading intersphinx inventory from /opt/airflow/docs/_inventory_cache/apache-airflow-providers-samba/objects.inv...
loading intersphinx inventory from /opt/airflow/docs/_inventory_cache/apache-airflow-providers-segment/objects.inv...
loading intersphinx inventory from /opt/airflow/docs/_inventory_cache/apache-airflow-providers-sendgrid/objects.inv...
loading intersphinx inventory from /opt/airflow/docs/_inventory_cache/apache-airflow-providers-sftp/objects.inv...
loading intersphinx inventory from /opt/airflow/docs/_inventory_cache/apache-airflow-providers-singularity/objects.inv...
loading intersphinx inventory from /opt/airflow/docs/_inventory_cache/apache-airflow-providers-slack/objects.inv...
loading intersphinx inventory from /opt/airflow/docs/_inventory_cache/apache-airflow-providers-snowflake/objects.inv...
loading intersphinx inventory from /opt/airflow/docs/_inventory_cache/apache-airflow-providers-sqlite/objects.inv...
loading intersphinx inventory from /opt/airflow/docs/_inventory_cache/apache-airflow-providers-ssh/objects.inv...
loading intersphinx inventory from /opt/airflow/docs/_inventory_cache/apache-airflow-providers-tableau/objects.inv...
loading intersphinx inventory from /opt/airflow/docs/_inventory_cache/apache-airflow-providers-telegram/objects.inv...
loading intersphinx inventory from /opt/airflow/docs/_inventory_cache/apache-airflow-providers-trino/objects.inv...
loading intersphinx inventory from /opt/airflow/docs/_inventory_cache/apache-airflow-providers-vertica/objects.inv...
loading intersphinx inventory from /opt/airflow/docs/_inventory_cache/apache-airflow-providers-yandex/objects.inv...
loading intersphinx inventory from /opt/airflow/docs/_inventory_cache/apache-airflow-providers-zendesk/objects.inv...
loading intersphinx inventory from /opt/airflow/docs/_inventory_cache/apache-airflow/objects.inv...
loading intersphinx inventory from /opt/airflow/docs/_inventory_cache/helm-chart/objects.inv...
loading intersphinx inventory from /opt/airflow/docs/_inventory_cache/apache-airflow-providers/objects.inv...
Could not found the redirect file: /opt/airflow/docs/docker-stack/redirects.txt
[01mbuilding [mo]: [39;49;00mtargets for 0 po files that are out of date
[01mbuilding [spelling]: [39;49;00mall documents
[01mupdating environment: [39;49;00m0 added, 0 changed, 0 removed
[01mlooking for now-outdated files... [39;49;00mnone found
[01mpreparing documents... [39;49;00mdone
[01mwriting output... [39;49;00m[ 16%] [32mbuild[39;49;00m                                                                                                                                                                                                                     [01mwriting output... [39;49;00m[ 33%] [32mbuild-arg-ref[39;49;00m                                                                                                                                                                                                             [01mwriting output... [39;49;00m[ 50%] [32mchangelog[39;49;00m                                                                                                                                                                                                                 [01mwriting output... [39;49;00m[ 66%] [32mentrypoint[39;49;00m                                                                                                                                                                                                                [01mwriting output... [39;49;00m[ 83%] [32mindex[39;49;00m                                                                                                                                                                                                                     [01mwriting output... [39;49;00m[100%] [32mrecipes[39;49;00m                                                                                                                                                                                                                   
[01mbuild succeeded.[39;49;00m
